<?xml version="1.0" encoding="UTF-8" ?>
<testsuite tests="20" failures="0" name="RomanNumbersParametrizedTest" time="0.015" errors="0" skipped="0">
  <properties>
    <property name="java.runtime.name" value="Java(TM) SE Runtime Environment"/>
    <property name="sun.boot.library.path" value="C:\Program Files\Java\jdk1.8.0_40\jre\bin"/>
    <property name="java.vm.version" value="25.40-b25"/>
    <property name="java.vm.vendor" value="Oracle Corporation"/>
    <property name="java.vendor.url" value="http://java.oracle.com/"/>
    <property name="path.separator" value=";"/>
    <property name="guice.disable.misplaced.annotation.check" value="true"/>
    <property name="java.vm.name" value="Java HotSpot(TM) 64-Bit Server VM"/>
    <property name="file.encoding.pkg" value="sun.io"/>
    <property name="user.script" value=""/>
    <property name="user.country" value="US"/>
    <property name="sun.java.launcher" value="SUN_STANDARD"/>
    <property name="sun.os.patch.level" value=""/>
    <property name="java.vm.specification.name" value="Java Virtual Machine Specification"/>
    <property name="user.dir" value="D:\repos\JavaTesting\lab3\ConvertRoman"/>
    <property name="java.runtime.version" value="1.8.0_40-b25"/>
    <property name="java.awt.graphicsenv" value="sun.awt.Win32GraphicsEnvironment"/>
    <property name="java.endorsed.dirs" value="C:\Program Files\Java\jdk1.8.0_40\jre\lib\endorsed"/>
    <property name="os.arch" value="amd64"/>
    <property name="java.io.tmpdir" value="C:\Users\PMROC_~1\AppData\Local\Temp\"/>
    <property name="line.separator" value="
"/>
    <property name="java.vm.specification.vendor" value="Oracle Corporation"/>
    <property name="user.variant" value=""/>
    <property name="os.name" value="Windows 8.1"/>
    <property name="classworlds.conf" value="C:\apache-maven-3.2.5\bin\m2.conf"/>
    <property name="sun.jnu.encoding" value="Cp1252"/>
    <property name="java.library.path" value="C:\Program Files\Java\jdk1.8.0_40\bin;C:\Windows\Sun\Java\bin;C:\Windows\system32;C:\Windows;C:\ProgramData\Oracle\Java\javapath;C:\Program Files (x86)\NVIDIA Corporation\PhysX\Common;C:\Program Files (x86)\Intel\iCLS Client\;C:\Program Files\Intel\iCLS Client\;C:\Windows\system32;C:\Windows;C:\Windows\System32\Wbem;C:\Windows\System32\WindowsPowerShell\v1.0\;C:\Program Files (x86)\Windows Kits\8.1\Windows Performance Toolkit\;C:\Program Files\Microsoft SQL Server\110\Tools\Binn\;C:\Program Files (x86)\Microsoft SDKs\TypeScript\1.0\;C:\Program Files\Microsoft SQL Server\120\Tools\Binn\;C:\Program Files\Intel\Intel(R) Management Engine Components\DAL;C:\Program Files\Intel\Intel(R) Management Engine Components\IPT;C:\Program Files (x86)\Intel\Intel(R) Management Engine Components\DAL;C:\Program Files (x86)\Intel\Intel(R) Management Engine Components\IPT;c:\Program Files (x86)\Microsoft SQL Server\110\Tools\Binn\ManagementStudio\;c:\Program Files (x86)\Microsoft SQL Server\110\Tools\Binn\;c:\Program Files (x86)\Microsoft SQL Server\110\DTS\Binn\;c:\Program Files\Microsoft SQL Server\110\DTS\Binn\;C:\Program Files\Microsoft\Web Platform Installer\;C:\apache-maven-3.2.5\bin;.;;."/>
    <property name="java.specification.name" value="Java Platform API Specification"/>
    <property name="java.class.version" value="52.0"/>
    <property name="sun.management.compiler" value="HotSpot 64-Bit Tiered Compilers"/>
    <property name="os.version" value="6.3"/>
    <property name="user.home" value="C:\Users\pmroc_000"/>
    <property name="user.timezone" value="Europe/Belgrade"/>
    <property name="java.awt.printerjob" value="sun.awt.windows.WPrinterJob"/>
    <property name="java.specification.version" value="1.8"/>
    <property name="file.encoding" value="Cp1252"/>
    <property name="user.name" value="pmroc_000"/>
    <property name="java.class.path" value="C:\apache-maven-3.2.5\boot\plexus-classworlds-2.5.2.jar"/>
    <property name="java.vm.specification.version" value="1.8"/>
    <property name="sun.arch.data.model" value="64"/>
    <property name="java.home" value="C:\Program Files\Java\jdk1.8.0_40\jre"/>
    <property name="sun.java.command" value="org.codehaus.plexus.classworlds.launcher.Launcher test"/>
    <property name="java.specification.vendor" value="Oracle Corporation"/>
    <property name="user.language" value="en"/>
    <property name="awt.toolkit" value="sun.awt.windows.WToolkit"/>
    <property name="java.vm.info" value="mixed mode"/>
    <property name="java.version" value="1.8.0_40"/>
    <property name="java.ext.dirs" value="C:\Program Files\Java\jdk1.8.0_40\jre\lib\ext;C:\Windows\Sun\Java\lib\ext"/>
    <property name="sun.boot.class.path" value="C:\Program Files\Java\jdk1.8.0_40\jre\lib\resources.jar;C:\Program Files\Java\jdk1.8.0_40\jre\lib\rt.jar;C:\Program Files\Java\jdk1.8.0_40\jre\lib\sunrsasign.jar;C:\Program Files\Java\jdk1.8.0_40\jre\lib\jsse.jar;C:\Program Files\Java\jdk1.8.0_40\jre\lib\jce.jar;C:\Program Files\Java\jdk1.8.0_40\jre\lib\charsets.jar;C:\Program Files\Java\jdk1.8.0_40\jre\lib\jfr.jar;C:\Program Files\Java\jdk1.8.0_40\jre\classes"/>
    <property name="sun.stderr.encoding" value="cp437"/>
    <property name="java.vendor" value="Oracle Corporation"/>
    <property name="maven.home" value="C:\apache-maven-3.2.5"/>
    <property name="file.separator" value="\"/>
    <property name="java.vendor.url.bug" value="http://bugreport.sun.com/bugreport/"/>
    <property name="sun.cpu.endian" value="little"/>
    <property name="sun.io.unicode.encoding" value="UnicodeLittle"/>
    <property name="sun.stdout.encoding" value="cp437"/>
    <property name="sun.desktop" value="windows"/>
    <property name="sun.cpu.isalist" value="amd64"/>
  </properties>
  <testcase classname="RomanNumbersParametrizedTest" name="CorrectTranformNumbers[0: RomanNumbers(1) =&gt; I]" time="0.015"/>
  <testcase classname="RomanNumbersParametrizedTest" name="CorrectTranformNumbers[1: RomanNumbers(2) =&gt; II]" time="0"/>
  <testcase classname="RomanNumbersParametrizedTest" name="CorrectTranformNumbers[2: RomanNumbers(3) =&gt; III]" time="0"/>
  <testcase classname="RomanNumbersParametrizedTest" name="CorrectTranformNumbers[3: RomanNumbers(4) =&gt; IV]" time="0"/>
  <testcase classname="RomanNumbersParametrizedTest" name="CorrectTranformNumbers[4: RomanNumbers(5) =&gt; V]" time="0"/>
  <testcase classname="RomanNumbersParametrizedTest" name="CorrectTranformNumbers[5: RomanNumbers(6) =&gt; VI]" time="0"/>
  <testcase classname="RomanNumbersParametrizedTest" name="CorrectTranformNumbers[6: RomanNumbers(7) =&gt; VII]" time="0"/>
  <testcase classname="RomanNumbersParametrizedTest" name="CorrectTranformNumbers[7: RomanNumbers(9) =&gt; IX]" time="0"/>
  <testcase classname="RomanNumbersParametrizedTest" name="CorrectTranformNumbers[8: RomanNumbers(49) =&gt; XLIX]" time="0"/>
  <testcase classname="RomanNumbersParametrizedTest" name="CorrectTranformNumbers[9: RomanNumbers(58) =&gt; LVIII]" time="0"/>
  <testcase classname="RomanNumbersParametrizedTest" name="CorrectTranformNumbers[10: RomanNumbers(99) =&gt; XCIX]" time="0"/>
  <testcase classname="RomanNumbersParametrizedTest" name="CorrectTranformNumbers[11: RomanNumbers(100) =&gt; C]" time="0"/>
  <testcase classname="RomanNumbersParametrizedTest" name="CorrectTranformNumbers[12: RomanNumbers(256) =&gt; CCLVI]" time="0"/>
  <testcase classname="RomanNumbersParametrizedTest" name="CorrectTranformNumbers[13: RomanNumbers(514) =&gt; DXIV]" time="0"/>
  <testcase classname="RomanNumbersParametrizedTest" name="CorrectTranformNumbers[14: RomanNumbers(958) =&gt; CMLVIII]" time="0"/>
  <testcase classname="RomanNumbersParametrizedTest" name="CorrectTranformNumbers[15: RomanNumbers(1,543) =&gt; MDXLIII]" time="0"/>
  <testcase classname="RomanNumbersParametrizedTest" name="CorrectTranformNumbers[16: RomanNumbers(1,897) =&gt; MDCCCXCVII]" time="0"/>
  <testcase classname="RomanNumbersParametrizedTest" name="CorrectTranformNumbers[17: RomanNumbers(2,167) =&gt; MMCLXVII]" time="0"/>
  <testcase classname="RomanNumbersParametrizedTest" name="CorrectTranformNumbers[18: RomanNumbers(3,548) =&gt; MMMDXLVIII]" time="0"/>
  <testcase classname="RomanNumbersParametrizedTest" name="CorrectTranformNumbers[19: RomanNumbers(3,999) =&gt; MMMCMXCIX]" time="0"/>
</testsuite>